<?xml version="1.0" encoding="UTF-8"?>
<!-- Generated by org.testng.reporters.JUnitReportReporter -->
<testsuite skipped="0" hostname="Abyayas-MacBook-Pro.local" name="com.marsassignment.Test.TestTime" tests="1" failures="0" timestamp="05 Jul 2017 19:16:18 GMT" time="0.029" errors="0">
  <testcase name="timeConverterTest" time="0.029" classname="com.marsassignment.Test.TestTime"/>
</testsuite> <!-- com.marsassignment.Test.TestTime -->
